2025-11-05 17:59:19,186 - INFO - Casting timed spell: 'utani gran hur'
2025-11-05 17:59:40,607 - INFO - Casting timed spell: 'utani gran hur'
2025-11-05 18:00:02,006 - INFO - Casting timed spell: 'utani gran hur'
2025-11-05 18:00:23,021 - INFO - Casting timed spell: 'utani gran hur'
2025-11-05 18:02:41,948 - INFO - Loaded a profile in 'Healing & Attack' tab.
2025-11-05 18:02:41,950 - INFO - Loaded a profile in 'Smart Hotkeys' tab.
2025-11-05 18:02:41,950 - INFO - Loaded profile set: 'BOSY'.
2025-11-05 18:39:17,092 - INFO - <font color="#4CAF50">Healing & Support module started.</font>
2025-11-05 18:39:17,519 - INFO - <font color="#c0392b">Healing & Support module stopped.</font>
2025-11-05 18:40:35,081 - INFO - Loaded a profile in 'Smart Hotkeys' tab.
2025-11-05 18:42:57,729 - INFO - <font color="#c0392b">Timed Spells module stopped.</font>
2025-11-05 18:42:57,729 - INFO - Loaded a profile in 'Healing & Attack' tab.
2025-11-05 18:42:57,731 - INFO - Loaded a profile in 'Smart Hotkeys' tab.
2025-11-05 18:42:57,731 - INFO - Loaded profile set: 'BOSY'.
2025-11-05 18:45:51,239 - INFO - <font color="#c0392b">Timed Spells module stopped.</font>
2025-11-05 18:45:51,239 - INFO - Loaded a profile in 'Healing & Attack' tab.
2025-11-05 18:45:51,240 - INFO - Loaded a profile in 'Smart Hotkeys' tab.
2025-11-05 18:45:51,240 - INFO - Loaded profile set: 'BOSY'.
2025-11-05 18:49:24,213 - INFO - <font color="#c0392b">Timed Spells module stopped.</font>
2025-11-05 18:49:24,215 - INFO - Loaded a profile in 'Healing & Attack' tab.
2025-11-05 18:49:24,216 - INFO - Loaded a profile in 'Smart Hotkeys' tab.
2025-11-05 18:49:24,216 - INFO - Loaded profile set: 'BOSY'.
2025-11-05 18:53:49,886 - INFO - <font color="#c0392b">Timed Spells module stopped.</font>
2025-11-05 18:53:49,886 - INFO - Loaded a profile in 'Healing & Attack' tab.
2025-11-05 18:53:49,887 - INFO - Loaded a profile in 'Smart Hotkeys' tab.
2025-11-05 18:53:49,887 - INFO - Loaded profile set: 'BOSY'.
2025-11-05 18:54:34,166 - INFO - Loaded a profile in 'Smart Hotkeys' tab.
2025-11-05 18:58:52,758 - INFO - <font color="#c0392b">Timed Spells module stopped.</font>
2025-11-05 18:58:52,758 - INFO - Loaded a profile in 'Healing & Attack' tab.
2025-11-05 18:58:52,759 - INFO - Loaded a profile in 'Smart Hotkeys' tab.
2025-11-05 18:58:52,760 - INFO - Loaded profile set: 'BOSY'.
2025-11-05 19:05:47,419 - INFO - Loaded a profile in 'Smart Hotkeys' tab.
